videotest: font gfxmenu video
odc: archelp
macho:
loopback:
gcry_des: crypto
memrw:
part_gpt:
f2fs: fshelp
romfs: fshelp
read:
gcry_arcfour: crypto
tftp: net
newc: archelp
minix2_be:
afsplitter: crypto
elf:
videotest_checksum: font functional_test video_fb
password_pbkdf2: crypto gcry_sha512 normal pbkdf2
gcry_seed: crypto
sfs: fshelp
reiserfs: fshelp
zstd:
part_sunpc:
gfxmenu: bitmap bitmap_scale font gfxterm normal trig video video_colors
jfs:
help: normal
gfxterm_menu: font functional_test normal procfs video_fb
gcry_idea: crypto
configfile: normal
tr:
shift_test: functional_test
boottime:
afs: fshelp
xzio: crypto
syslinuxcfg: normal
search_fs_file:
test_blockarg: normal
true:
affs: fshelp
iso9660: fshelp
exfat: fshelp
setjmp_test: functional_test setjmp
gfxterm: font video
disk:
xfs: fshelp
testspeed: normal
functional_test: btrfs video video_fb
cpio_be: archelp
bswap_test: functional_test
sleep: normal
memdisk:
gcry_rijndael: crypto
mdraid09_be: diskfilter
gettext:
gcry_sha1: crypto
offsetio:
hfspluscomp: gzio hfsplus
file: elf macho offsetio
cmp:
video_colors:
hashsum: crypto normal
halt:
search_fs_uuid:
gfxterm_background: bitmap bitmap_scale gfxterm video video_colors
gcry_dsa: mpi pgp
linux: boot
keystatus:
geli: crypto cryptodisk gcry_sha256 gcry_sha512 pbkdf2
cmdline_cat_test: font functional_test normal procfs video_fb
part_sun:
pbkdf2_test: functional_test gcry_sha1 pbkdf2
bufio:
legacy_password_test: functional_test legacycfg
gcry_blowfish: crypto
bfs: fshelp
test:
nilfs2: fshelp
gcry_rsa: mpi pgp
cryptodisk: crypto procfs
signature_test: functional_test procfs
minicmd:
udf: fshelp
gzio: gcry_crc
xnu_uuid: gcry_md5
terminal:
mul_test: functional_test
adler32: crypto
div:
crypto:
part_bsd: part_msdos
luks2: afsplitter crypto cryptodisk json pbkdf2
gcry_sha512: crypto
password: crypto normal
fshelp:
sleep_test: functional_test
exfctest: functional_test
zfsinfo: zfs
ldm: diskfilter part_gpt part_msdos
eval: normal
part_dvh:
ext2: fshelp
blocklist:
net: boot bufio priority_queue
part_acorn:
videoinfo: video
cacheinfo:
btrfs: gzio lzopio raid6rec zstd
lsmmap:
strtoull_test: functional_test
bitmap:
ntfs: fshelp
gcry_crc: crypto
emunet: net
png: bitmap bufio
json:
macbless: disk
jpeg: bitmap bufio
regexp: normal
parttool: normal
div_test: div functional_test
cpio: archelp
gcry_rmd160: crypto
fat: fshelp
ufs1_be:
archelp:
zfs: gzio
raid6rec: diskfilter
http: net
minix2:
loadenv: disk
bitmap_scale: bitmap
datehook: datetime
probe:
minix3:
tar: archelp
procfs: archelp
hfs: fshelp
boot:
progress: normal
kernel:
tga: bitmap bufio
reboot:
zfscrypt: crypto gcry_rijndael gcry_sha1 pbkdf2 zfs
luks: afsplitter crypto cryptodisk pbkdf2
cmp_test: functional_test
dm_nv: diskfilter
font: bufio video
raid5rec: diskfilter
crc64: crypto
datetime:
video:
ctz_test: functional_test
hfsplus: fshelp
gcry_cast5: crypto
squash4: fshelp gzio lzopio xzio
part_plan:
minix_be:
gcry_whirlpool: crypto
gcry_tiger: crypto
video_fb:
search: search_fs_file search_fs_uuid search_label
trig:
minix3_be:
priority_queue:
msdospart: disk parttool
gcry_twofish: crypto
plainmount: crypto cryptodisk
part_dfly:
xnu_uuid_test: functional_test
diskfilter:
testload:
part_apple:
hexdump:
pbkdf2: crypto
gcry_sha256: crypto
date: datetime
ls: datetime normal
ntfscomp: ntfs
lzopio: crypto
scsi:
hello:
pgp: crypto gcry_sha1 mpi
normal: boot bufio crypto datetime gettext net terminal
cat:
ufs1:
mdraid09: diskfilter
lvm: diskfilter
cbfs: archelp
ufs2:
time:
search_label:
gptsync: disk
setjmp:
gcry_rfc2268: crypto
mpi: crypto
mdraid1x: diskfilter
legacycfg: crypto gcry_md5 normal password
part_amiga:
sdl: video video_fb
minix:
echo:
gcry_serpent: crypto
gcry_md4: crypto
gcry_md5: crypto
part_msdos:
gcry_camellia: crypto
all_video: sdl
